<?xml version="1.0" encoding="UTF-8"?>
<!-- Generated by org.testng.reporters.JUnitXMLReporter -->
<testsuite hostname="LAPTOP-2GS1M8V7" ignored="0" name="Test" tests="11" failures="1" timestamp="2021-07-14T14:39:54 IST" time="27.942" errors="0">
  <testcase name="verifyTitle" time="0.097" classname="com.test.LoginPageTest"/>
  <testcase name="verify_Logo" time="0.313" classname="com.test.LoginPageTest"/>
  <testcase name="verify_LoginText1" time="0.17" classname="com.test.LoginPageTest"/>
  <testcase name="verify_LoginText2" time="0.067" classname="com.test.LoginPageTest">
    <failure type="java.lang.AssertionError" message="expected [true] but found [false]">
      <![CDATA[java.lang.AssertionError: expected [true] but found [false]
at com.test.LoginPageTest.verify_LoginText2(LoginPageTest.java:64)
at java.util.ArrayList.forEach(ArrayList.java:1249)
... Removed 31 stack frames]]>
    </failure>
  </testcase> <!-- verify_LoginText2 -->
  <testcase name="verify_LoginText3" time="0.062" classname="com.test.LoginPageTest"/>
  <testcase name="verify_Without_Fill_EmailPass" time="0.454" classname="com.test.LoginPageTest"/>
  <testcase name="verify_Password_Error" time="0.355" classname="com.test.LoginPageTest"/>
  <testcase name="verify_Email_Error" time="0.326" classname="com.test.LoginPageTest"/>
  <testcase name="verify_InvalidPassword" time="0.523" classname="com.test.LoginPageTest"/>
  <testcase name="verify_InvalidEmail" time="0.523" classname="com.test.LoginPageTest"/>
  <testcase name="verify_DashboardTitle" time="0.96" classname="com.test.LoginPageTest"/>
</testsuite> <!-- Test -->
