<?xml version="1.0" encoding="UTF-8"?>
<testng-results skipped="0" failed="1" ignored="6" total="7" passed="0">
  <reporter-output>
  </reporter-output>
  <suite name="Default suite" duration-ms="6553" started-at="2021-07-30T14:05:23 PDT" finished-at="2021-07-30T14:05:30 PDT">
    <groups>
    </groups>
    <test name="Default test" duration-ms="6553" started-at="2021-07-30T14:05:23 PDT" finished-at="2021-07-30T14:05:30 PDT">
      <class name="com.test.DownloadsPageTest">
        <test-method status="PASS" signature="startReport()[pri:0, instance:com.test.DownloadsPageTest@3aeaafa6]" name="startReport" is-config="true" duration-ms="113" started-at="2021-07-30T14:05:23 PDT" finished-at="2021-07-30T14:05:23 PDT">
          <reporter-output>
          </reporter-output>
        </test-method> <!-- startReport -->
        <test-method status="PASS" signature="BeforeTest1()[pri:0, instance:com.test.DownloadsPageTest@3aeaafa6]" name="BeforeTest1" is-config="true" duration-ms="7" started-at="2021-07-30T14:05:23 PDT" finished-at="2021-07-30T14:05:23 PDT">
          <reporter-output>
          </reporter-output>
        </test-method> <!-- BeforeTest1 -->
        <test-method status="PASS" signature="Setup()[pri:0, instance:com.test.DownloadsPageTest@3aeaafa6]" name="Setup" is-config="true" duration-ms="4794" started-at="2021-07-30T14:05:23 PDT" finished-at="2021-07-30T14:05:28 PDT">
          <reporter-output>
          </reporter-output>
        </test-method> <!-- Setup -->
        <test-method status="FAIL" signature="verifyVendorOfSeleniumJarWithVersion()[pri:3, instance:com.test.DownloadsPageTest@3aeaafa6]" name="verifyVendorOfSeleniumJarWithVersion" duration-ms="763" started-at="2021-07-30T14:05:28 PDT" finished-at="2021-07-30T14:05:29 PDT">
          <exception class="java.lang.AssertionError">
            <message>
              <![CDATA[expected [true] but found [false]]]>
            </message>
            <full-stacktrace>
              <![CDATA[java.lang.AssertionError: expected [true] but found [false]
at org.testng.Assert.fail(Assert.java:99)
at org.testng.Assert.failNotEquals(Assert.java:1037)
at org.testng.Assert.assertTrue(Assert.java:45)
at org.testng.Assert.assertTrue(Assert.java:55)
at com.test.DownloadsPageTest.verifyVendorOfSeleniumJarWithVersion(DownloadsPageTest.java:53)
at sun.reflect.NativeMethodAccessorImpl.invoke0(Native Method)
at sun.reflect.NativeMethodAccessorImpl.invoke(NativeMethodAccessorImpl.java:62)
at sun.reflect.DelegatingMethodAccessorImpl.invoke(DelegatingMethodAccessorImpl.java:43)
at java.lang.reflect.Method.invoke(Method.java:498)
at org.testng.internal.MethodInvocationHelper.invokeMethod(MethodInvocationHelper.java:133)
at org.testng.internal.TestInvoker.invokeMethod(TestInvoker.java:598)
at org.testng.internal.TestInvoker.invokeTestMethod(TestInvoker.java:173)
at org.testng.internal.MethodRunner.runInSequence(MethodRunner.java:46)
at org.testng.internal.TestInvoker$MethodInvocationAgent.invoke(TestInvoker.java:824)
at org.testng.internal.TestInvoker.invokeTestMethods(TestInvoker.java:146)
at org.testng.internal.TestMethodWorker.invokeTestMethods(TestMethodWorker.java:146)
at org.testng.internal.TestMethodWorker.run(TestMethodWorker.java:128)
at java.util.ArrayList.forEach(ArrayList.java:1249)
at org.testng.TestRunner.privateRun(TestRunner.java:794)
at org.testng.TestRunner.run(TestRunner.java:596)
at org.testng.SuiteRunner.runTest(SuiteRunner.java:377)
at org.testng.SuiteRunner.runSequentially(SuiteRunner.java:371)
at org.testng.SuiteRunner.privateRun(SuiteRunner.java:332)
at org.testng.SuiteRunner.run(SuiteRunner.java:276)
at org.testng.SuiteRunnerWorker.runSuite(SuiteRunnerWorker.java:53)
at org.testng.SuiteRunnerWorker.run(SuiteRunnerWorker.java:96)
at org.testng.TestNG.runSuitesSequentially(TestNG.java:1212)
at org.testng.TestNG.runSuitesLocally(TestNG.java:1134)
at org.testng.TestNG.runSuites(TestNG.java:1063)
at org.testng.TestNG.run(TestNG.java:1031)
at org.testng.remote.AbstractRemoteTestNG.run(AbstractRemoteTestNG.java:115)
at org.testng.remote.RemoteTestNG.initAndRun(RemoteTestNG.java:251)
at org.testng.remote.RemoteTestNG.main(RemoteTestNG.java:77)
]]>
            </full-stacktrace>
          </exception> <!-- java.lang.AssertionError -->
          <reporter-output>
          </reporter-output>
        </test-method> <!-- verifyVendorOfSeleniumJarWithVersion -->
        <test-method status="PASS" signature="getResult(org.testng.ITestResult)[pri:0, instance:com.test.DownloadsPageTest@3aeaafa6]" name="getResult" is-config="true" duration-ms="955" started-at="2021-07-30T14:05:29 PDT" finished-at="2021-07-30T14:05:30 PDT">
          <params>
            <param index="0">
              <value>
                <![CDATA[[TestResult name=verifyVendorOfSeleniumJarWithVersion status=FAILURE method=DownloadsPageTest.verifyVendorOfSeleniumJarWithVersion()[pri:3, instance:com.test.DownloadsPageTest@3aeaafa6] output={null}]]]>
              </value>
            </param>
          </params>
          <reporter-output>
          </reporter-output>
        </test-method> <!-- getResult -->
        <test-method status="PASS" signature="endReport()[pri:0, instance:com.test.DownloadsPageTest@3aeaafa6]" name="endReport" is-config="true" duration-ms="261" started-at="2021-07-30T14:05:30 PDT" finished-at="2021-07-30T14:05:30 PDT">
          <reporter-output>
          </reporter-output>
        </test-method> <!-- endReport -->
      </class> <!-- com.test.DownloadsPageTest -->
    </test> <!-- Default test -->
  </suite> <!-- Default suite -->
</testng-results>
